Head_1.h
Head_1.c
Head_2.h
Head_2.c
Head_3.h
Head_3.c
Head_4.h
Head_4.c
Head_Pumpkin.h
Head_Pumpkin.c
Arm_1.h
Arm_1.c
Arm_2.h
Arm_2.c
Arm_3.h
Arm_3.c
Arm_4.h
Arm_4.c
Body_1.h
Body_1.c
Body_2.h
Body_2.c
Body_3.h
Body_3.c
Body_4.h
Body_4.c
Leg_1.h
Leg_1.c
Leg_2.h
Leg_2.c
Leg_3.h
Leg_3.c
Leg_4.h
Leg_4.c
heart_full.h
heart_full.c
heart_half.h
heart_half.c
heart_empty.h
heart_empty.c
hunger_full.h
hunger_full.c
hunger2.h
hunger2.c
hunger3.h
hunger3.c
hunger_empty.h
hunger_empty.c
gfx.h
CLASSICB.8xv
CLASSICP.8xv
CLASSICI.8xv
CLASSICF.8xv
